<?xml version="1.0" encoding="UTF-8"?>
<testsuites>
  <testsuite name="D:\Bimbingan-Serkom-Analis-Program\Laravel-Karyawan\karyawan\phpunit.xml" tests="33" assertions="83" errors="0" failures="0" skipped="0" time="7.756723">
    <testsuite name="Unit" tests="1" assertions="1" errors="0" failures="0" skipped="0" time="0.233056">
      <testsuite name="Tests\Unit\ExampleTest" file="D:\Bimbingan-Serkom-Analis-Program\Laravel-Karyawan\karyawan\tests\Unit\ExampleTest.php" tests="1" assertions="1" errors="0" failures="0" skipped="0" time="0.233056">
        <testcase name="test_that_true_is_true" file="D:\Bimbingan-Serkom-Analis-Program\Laravel-Karyawan\karyawan\tests\Unit\ExampleTest.php" line="12" class="Tests\Unit\ExampleTest" classname="Tests.Unit.ExampleTest" assertions="1" time="0.233056"/>
      </testsuite>
    </testsuite>
    <testsuite name="Feature" tests="32" assertions="82" errors="0" failures="0" skipped="0" time="7.523667">
      <testsuite name="Tests\Feature\Auth\AuthenticationTest" file="D:\Bimbingan-Serkom-Analis-Program\Laravel-Karyawan\karyawan\tests\Feature\Auth\AuthenticationTest.php" tests="4" assertions="8" errors="0" failures="0" skipped="0" time="3.515887">
        <testcase name="test_login_screen_can_be_rendered" file="D:\Bimbingan-Serkom-Analis-Program\Laravel-Karyawan\karyawan\tests\Feature\Auth\AuthenticationTest.php" line="14" class="Tests\Feature\Auth\AuthenticationTest" classname="Tests.Feature.Auth.AuthenticationTest" assertions="1" time="2.709356"/>
        <testcase name="test_users_can_authenticate_using_the_login_screen" file="D:\Bimbingan-Serkom-Analis-Program\Laravel-Karyawan\karyawan\tests\Feature\Auth\AuthenticationTest.php" line="21" class="Tests\Feature\Auth\AuthenticationTest" classname="Tests.Feature.Auth.AuthenticationTest" assertions="3" time="0.316920"/>
        <testcase name="test_users_can_not_authenticate_with_invalid_password" file="D:\Bimbingan-Serkom-Analis-Program\Laravel-Karyawan\karyawan\tests\Feature\Auth\AuthenticationTest.php" line="34" class="Tests\Feature\Auth\AuthenticationTest" classname="Tests.Feature.Auth.AuthenticationTest" assertions="1" time="0.355705"/>
        <testcase name="test_users_can_logout" file="D:\Bimbingan-Serkom-Analis-Program\Laravel-Karyawan\karyawan\tests\Feature\Auth\AuthenticationTest.php" line="46" class="Tests\Feature\Auth\AuthenticationTest" classname="Tests.Feature.Auth.AuthenticationTest" assertions="3" time="0.133905"/>
      </testsuite>
      <testsuite name="Tests\Feature\Auth\EmailVerificationTest" file="D:\Bimbingan-Serkom-Analis-Program\Laravel-Karyawan\karyawan\tests\Feature\Auth\EmailVerificationTest.php" tests="3" assertions="6" errors="0" failures="0" skipped="0" time="0.417672">
        <testcase name="test_email_verification_screen_can_be_rendered" file="D:\Bimbingan-Serkom-Analis-Program\Laravel-Karyawan\karyawan\tests\Feature\Auth\EmailVerificationTest.php" line="17" class="Tests\Feature\Auth\EmailVerificationTest" classname="Tests.Feature.Auth.EmailVerificationTest" assertions="1" time="0.106516"/>
        <testcase name="test_email_can_be_verified" file="D:\Bimbingan-Serkom-Analis-Program\Laravel-Karyawan\karyawan\tests\Feature\Auth\EmailVerificationTest.php" line="28" class="Tests\Feature\Auth\EmailVerificationTest" classname="Tests.Feature.Auth.EmailVerificationTest" assertions="4" time="0.168794"/>
        <testcase name="test_email_is_not_verified_with_invalid_hash" file="D:\Bimbingan-Serkom-Analis-Program\Laravel-Karyawan\karyawan\tests\Feature\Auth\EmailVerificationTest.php" line="49" class="Tests\Feature\Auth\EmailVerificationTest" classname="Tests.Feature.Auth.EmailVerificationTest" assertions="1" time="0.142362"/>
      </testsuite>
      <testsuite name="Tests\Feature\Auth\PasswordConfirmationTest" file="D:\Bimbingan-Serkom-Analis-Program\Laravel-Karyawan\karyawan\tests\Feature\Auth\PasswordConfirmationTest.php" tests="3" assertions="4" errors="0" failures="0" skipped="0" time="0.574314">
        <testcase name="test_confirm_password_screen_can_be_rendered" file="D:\Bimbingan-Serkom-Analis-Program\Laravel-Karyawan\karyawan\tests\Feature\Auth\PasswordConfirmationTest.php" line="13" class="Tests\Feature\Auth\PasswordConfirmationTest" classname="Tests.Feature.Auth.PasswordConfirmationTest" assertions="1" time="0.145289"/>
        <testcase name="test_password_can_be_confirmed" file="D:\Bimbingan-Serkom-Analis-Program\Laravel-Karyawan\karyawan\tests\Feature\Auth\PasswordConfirmationTest.php" line="22" class="Tests\Feature\Auth\PasswordConfirmationTest" classname="Tests.Feature.Auth.PasswordConfirmationTest" assertions="2" time="0.132752"/>
        <testcase name="test_password_is_not_confirmed_with_invalid_password" file="D:\Bimbingan-Serkom-Analis-Program\Laravel-Karyawan\karyawan\tests\Feature\Auth\PasswordConfirmationTest.php" line="34" class="Tests\Feature\Auth\PasswordConfirmationTest" classname="Tests.Feature.Auth.PasswordConfirmationTest" assertions="1" time="0.296274"/>
      </testsuite>
      <testsuite name="Tests\Feature\Auth\PasswordResetTest" file="D:\Bimbingan-Serkom-Analis-Program\Laravel-Karyawan\karyawan\tests\Feature\Auth\PasswordResetTest.php" tests="4" assertions="8" errors="0" failures="0" skipped="0" time="0.600641">
        <testcase name="test_reset_password_link_screen_can_be_rendered" file="D:\Bimbingan-Serkom-Analis-Program\Laravel-Karyawan\karyawan\tests\Feature\Auth\PasswordResetTest.php" line="15" class="Tests\Feature\Auth\PasswordResetTest" classname="Tests.Feature.Auth.PasswordResetTest" assertions="1" time="0.137778"/>
        <testcase name="test_reset_password_link_can_be_requested" file="D:\Bimbingan-Serkom-Analis-Program\Laravel-Karyawan\karyawan\tests\Feature\Auth\PasswordResetTest.php" line="22" class="Tests\Feature\Auth\PasswordResetTest" classname="Tests.Feature.Auth.PasswordResetTest" assertions="1" time="0.188009"/>
        <testcase name="test_reset_password_screen_can_be_rendered" file="D:\Bimbingan-Serkom-Analis-Program\Laravel-Karyawan\karyawan\tests\Feature\Auth\PasswordResetTest.php" line="33" class="Tests\Feature\Auth\PasswordResetTest" classname="Tests.Feature.Auth.PasswordResetTest" assertions="2" time="0.124836"/>
        <testcase name="test_password_can_be_reset_with_valid_token" file="D:\Bimbingan-Serkom-Analis-Program\Laravel-Karyawan\karyawan\tests\Feature\Auth\PasswordResetTest.php" line="50" class="Tests\Feature\Auth\PasswordResetTest" classname="Tests.Feature.Auth.PasswordResetTest" assertions="4" time="0.150017"/>
      </testsuite>
      <testsuite name="Tests\Feature\Auth\PasswordUpdateTest" file="D:\Bimbingan-Serkom-Analis-Program\Laravel-Karyawan\karyawan\tests\Feature\Auth\PasswordUpdateTest.php" tests="2" assertions="8" errors="0" failures="0" skipped="0" time="0.258105">
        <testcase name="test_password_can_be_updated" file="D:\Bimbingan-Serkom-Analis-Program\Laravel-Karyawan\karyawan\tests\Feature\Auth\PasswordUpdateTest.php" line="14" class="Tests\Feature\Auth\PasswordUpdateTest" classname="Tests.Feature.Auth.PasswordUpdateTest" assertions="4" time="0.139524"/>
        <testcase name="test_correct_password_must_be_provided_to_update_password" file="D:\Bimbingan-Serkom-Analis-Program\Laravel-Karyawan\karyawan\tests\Feature\Auth\PasswordUpdateTest.php" line="34" class="Tests\Feature\Auth\PasswordUpdateTest" classname="Tests.Feature.Auth.PasswordUpdateTest" assertions="4" time="0.118581"/>
      </testsuite>
      <testsuite name="Tests\Feature\Auth\RegistrationTest" file="D:\Bimbingan-Serkom-Analis-Program\Laravel-Karyawan\karyawan\tests\Feature\Auth\RegistrationTest.php" tests="2" assertions="4" errors="0" failures="0" skipped="0" time="0.223480">
        <testcase name="test_registration_screen_can_be_rendered" file="D:\Bimbingan-Serkom-Analis-Program\Laravel-Karyawan\karyawan\tests\Feature\Auth\RegistrationTest.php" line="13" class="Tests\Feature\Auth\RegistrationTest" classname="Tests.Feature.Auth.RegistrationTest" assertions="1" time="0.105249"/>
        <testcase name="test_new_users_can_register" file="D:\Bimbingan-Serkom-Analis-Program\Laravel-Karyawan\karyawan\tests\Feature\Auth\RegistrationTest.php" line="20" class="Tests\Feature\Auth\RegistrationTest" classname="Tests.Feature.Auth.RegistrationTest" assertions="3" time="0.118231"/>
      </testsuite>
      <testsuite name="Tests\Feature\ExampleTest" file="D:\Bimbingan-Serkom-Analis-Program\Laravel-Karyawan\karyawan\tests\Feature\ExampleTest.php" tests="1" assertions="1" errors="0" failures="0" skipped="0" time="0.072319">
        <testcase name="test_the_application_returns_a_successful_response" file="D:\Bimbingan-Serkom-Analis-Program\Laravel-Karyawan\karyawan\tests\Feature\ExampleTest.php" line="13" class="Tests\Feature\ExampleTest" classname="Tests.Feature.ExampleTest" assertions="1" time="0.072319"/>
      </testsuite>
      <testsuite name="Tests\Feature\KaryawanTest" file="D:\Bimbingan-Serkom-Analis-Program\Laravel-Karyawan\karyawan\tests\Feature\KaryawanTest.php" tests="8" assertions="22" errors="0" failures="0" skipped="0" time="1.004773">
        <testcase name="test_can_create_karyawan" file="D:\Bimbingan-Serkom-Analis-Program\Laravel-Karyawan\karyawan\tests\Feature\KaryawanTest.php" line="22" class="Tests\Feature\KaryawanTest" classname="Tests.Feature.KaryawanTest" assertions="2" time="0.172896"/>
        <testcase name="test_can_read_karyawan" file="D:\Bimbingan-Serkom-Analis-Program\Laravel-Karyawan\karyawan\tests\Feature\KaryawanTest.php" line="38" class="Tests\Feature\KaryawanTest" classname="Tests.Feature.KaryawanTest" assertions="3" time="0.191907"/>
        <testcase name="test_can_update_karyawan" file="D:\Bimbingan-Serkom-Analis-Program\Laravel-Karyawan\karyawan\tests\Feature\KaryawanTest.php" line="56" class="Tests\Feature\KaryawanTest" classname="Tests.Feature.KaryawanTest" assertions="6" time="0.139710"/>
        <testcase name="test_can_delete_karyawan" file="D:\Bimbingan-Serkom-Analis-Program\Laravel-Karyawan\karyawan\tests\Feature\KaryawanTest.php" line="101" class="Tests\Feature\KaryawanTest" classname="Tests.Feature.KaryawanTest" assertions="3" time="0.093447"/>
        <testcase name="test_cannot_create_karyawan_without_required_fields" file="D:\Bimbingan-Serkom-Analis-Program\Laravel-Karyawan\karyawan\tests\Feature\KaryawanTest.php" line="133" class="Tests\Feature\KaryawanTest" classname="Tests.Feature.KaryawanTest" assertions="2" time="0.072560"/>
        <testcase name="test_cannot_read_nonexistent_karyawan" file="D:\Bimbingan-Serkom-Analis-Program\Laravel-Karyawan\karyawan\tests\Feature\KaryawanTest.php" line="147" class="Tests\Feature\KaryawanTest" classname="Tests.Feature.KaryawanTest" assertions="1" time="0.110399"/>
        <testcase name="test_cannot_update_karyawan_without_required_fields" file="D:\Bimbingan-Serkom-Analis-Program\Laravel-Karyawan\karyawan\tests\Feature\KaryawanTest.php" line="161" class="Tests\Feature\KaryawanTest" classname="Tests.Feature.KaryawanTest" assertions="4" time="0.125417"/>
        <testcase name="test_cannot_delete_nonexistent_karyawan" file="D:\Bimbingan-Serkom-Analis-Program\Laravel-Karyawan\karyawan\tests\Feature\KaryawanTest.php" line="185" class="Tests\Feature\KaryawanTest" classname="Tests.Feature.KaryawanTest" assertions="1" time="0.098438"/>
      </testsuite>
      <testsuite name="Tests\Feature\ProfileTest" file="D:\Bimbingan-Serkom-Analis-Program\Laravel-Karyawan\karyawan\tests\Feature\ProfileTest.php" tests="5" assertions="21" errors="0" failures="0" skipped="0" time="0.856476">
        <testcase name="test_profile_page_is_displayed" file="D:\Bimbingan-Serkom-Analis-Program\Laravel-Karyawan\karyawan\tests\Feature\ProfileTest.php" line="13" class="Tests\Feature\ProfileTest" classname="Tests.Feature.ProfileTest" assertions="1" time="0.182391"/>
        <testcase name="test_profile_information_can_be_updated" file="D:\Bimbingan-Serkom-Analis-Program\Laravel-Karyawan\karyawan\tests\Feature\ProfileTest.php" line="24" class="Tests\Feature\ProfileTest" classname="Tests.Feature.ProfileTest" assertions="6" time="0.162051"/>
        <testcase name="test_email_verification_status_is_unchanged_when_the_email_address_is_unchanged" file="D:\Bimbingan-Serkom-Analis-Program\Laravel-Karyawan\karyawan\tests\Feature\ProfileTest.php" line="46" class="Tests\Feature\ProfileTest" classname="Tests.Feature.ProfileTest" assertions="4" time="0.325125"/>
        <testcase name="test_user_can_delete_their_account" file="D:\Bimbingan-Serkom-Analis-Program\Laravel-Karyawan\karyawan\tests\Feature\ProfileTest.php" line="64" class="Tests\Feature\ProfileTest" classname="Tests.Feature.ProfileTest" assertions="5" time="0.099097"/>
        <testcase name="test_correct_password_must_be_provided_to_delete_account" file="D:\Bimbingan-Serkom-Analis-Program\Laravel-Karyawan\karyawan\tests\Feature\ProfileTest.php" line="82" class="Tests\Feature\ProfileTest" classname="Tests.Feature.ProfileTest" assertions="5" time="0.087811"/>
      </testsuite>
    </testsuite>
  </testsuite>
</testsuites>
